2026-03-06 10:09:08,136 [INFO] [1/3] GET https://www.canada.ca/en/immigration-refugees-citizenship/services/immigrate-canada/express-entry/submit-profile/rounds-invitations/rounds-invitations-results.html
2026-03-06 10:09:38,222 [WARNING] 请求失败: HTTPSConnectionPool(host='www.canada.ca', port=443): Read timed out. (read timeout=30)
2026-03-06 10:09:43,224 [INFO] [2/3] GET https://www.canada.ca/en/immigration-refugees-citizenship/services/immigrate-canada/express-entry/submit-profile/rounds-invitations/rounds-invitations-results.html
2026-03-06 10:10:13,315 [WARNING] 请求失败: HTTPSConnectionPool(host='www.canada.ca', port=443): Read timed out. (read timeout=30)
2026-03-06 10:10:18,321 [INFO] [3/3] GET https://www.canada.ca/en/immigration-refugees-citizenship/services/immigrate-canada/express-entry/submit-profile/rounds-invitations/rounds-invitations-results.html
2026-03-06 10:10:48,402 [WARNING] 请求失败: HTTPSConnectionPool(host='www.canada.ca', port=443): Read timed out. (read timeout=30)
2026-03-06 10:10:48,403 [ERROR] 所有重试均失败: https://www.canada.ca/en/immigration-refugees-citizenship/services/immigrate-canada/express-entry/submit-profile/rounds-invitations/rounds-invitations-results.html
2026-03-06 10:10:48,404 [WARNING] EE 抓取无结果，保留缓存数据
2026-03-06 10:10:48,404 [INFO] [1/3] GET https://www.welcomebc.ca/Immigrate-to-B-C/B-C-Provincial-Nominee-Program/Invitations-to-Apply-and-Draws
2026-03-06 10:10:48,550 [WARNING] 请求失败: 404 Client Error: Not Found for url: https://www.welcomebc.ca/Immigrate-to-B-C/B-C-Provincial-Nominee-Program/Invitations-to-Apply-and-Draws
2026-03-06 10:10:53,553 [INFO] [2/3] GET https://www.welcomebc.ca/Immigrate-to-B-C/B-C-Provincial-Nominee-Program/Invitations-to-Apply-and-Draws
2026-03-06 10:10:53,636 [WARNING] 请求失败: 404 Client Error: Not Found for url: https://www.welcomebc.ca/Immigrate-to-B-C/B-C-Provincial-Nominee-Program/Invitations-to-Apply-and-Draws
2026-03-06 10:10:58,638 [INFO] [3/3] GET https://www.welcomebc.ca/Immigrate-to-B-C/B-C-Provincial-Nominee-Program/Invitations-to-Apply-and-Draws
2026-03-06 10:10:58,731 [WARNING] 请求失败: 404 Client Error: Not Found for url: https://www.welcomebc.ca/Immigrate-to-B-C/B-C-Provincial-Nominee-Program/Invitations-to-Apply-and-Draws
2026-03-06 10:10:58,731 [ERROR] 所有重试均失败: https://www.welcomebc.ca/Immigrate-to-B-C/B-C-Provincial-Nominee-Program/Invitations-to-Apply-and-Draws
2026-03-06 10:10:58,732 [WARNING] BCPNP 抓取无结果，保留缓存数据
2026-03-06 10:10:58,732 [INFO] [1/3] GET https://www.ontario.ca/page/ontario-immigrant-nominee-program-oinp-draws
2026-03-06 10:10:59,422 [WARNING] 请求失败: 404 Client Error: Not Found for url: https://www.ontario.ca/page/ontario-immigrant-nominee-program-oinp-draws
2026-03-06 10:11:04,424 [INFO] [2/3] GET https://www.ontario.ca/page/ontario-immigrant-nominee-program-oinp-draws
2026-03-06 10:11:04,756 [WARNING] 请求失败: 404 Client Error: Not Found for url: https://www.ontario.ca/page/ontario-immigrant-nominee-program-oinp-draws
2026-03-06 10:11:09,759 [INFO] [3/3] GET https://www.ontario.ca/page/ontario-immigrant-nominee-program-oinp-draws
2026-03-06 10:11:10,100 [WARNING] 请求失败: 404 Client Error: Not Found for url: https://www.ontario.ca/page/ontario-immigrant-nominee-program-oinp-draws
2026-03-06 10:11:10,101 [ERROR] 所有重试均失败: https://www.ontario.ca/page/ontario-immigrant-nominee-program-oinp-draws
2026-03-06 10:11:10,102 [WARNING] OINP 抓取无结果，保留缓存数据
2026-03-06 10:11:10,103 [INFO] 输出完成: /Users/frankwang/sde/projects/CanadaImmigration/scraper/../data/history_data.js
2026-03-06 10:11:10,103 [INFO]   EE=0 条  BCPNP=0 条  OINP=0 条
2026-03-06 10:11:10,103 [INFO] 全部完成 ✓
2026-03-06 10:11:18,738 [INFO] [1/3] GET https://www.canada.ca/en/immigration-refugees-citizenship/services/immigrate-canada/express-entry/submit-profile/rounds-invitations/rounds-invitations-results.html
2026-03-06 10:11:48,811 [WARNING] 请求失败: HTTPSConnectionPool(host='www.canada.ca', port=443): Read timed out. (read timeout=30)
2026-03-06 10:11:53,814 [INFO] [2/3] GET https://www.canada.ca/en/immigration-refugees-citizenship/services/immigrate-canada/express-entry/submit-profile/rounds-invitations/rounds-invitations-results.html
2026-03-06 10:12:23,905 [WARNING] 请求失败: HTTPSConnectionPool(host='www.canada.ca', port=443): Read timed out. (read timeout=30)
2026-03-06 10:12:28,911 [INFO] [3/3] GET https://www.canada.ca/en/immigration-refugees-citizenship/services/immigrate-canada/express-entry/submit-profile/rounds-invitations/rounds-invitations-results.html
2026-03-06 10:12:58,991 [WARNING] 请求失败: HTTPSConnectionPool(host='www.canada.ca', port=443): Read timed out. (read timeout=30)
2026-03-06 10:12:58,992 [ERROR] 所有重试均失败: https://www.canada.ca/en/immigration-refugees-citizenship/services/immigrate-canada/express-entry/submit-profile/rounds-invitations/rounds-invitations-results.html
2026-03-06 10:12:58,992 [WARNING] EE 抓取无结果，保留缓存数据
2026-03-06 10:12:58,992 [INFO] [1/3] GET https://www.welcomebc.ca/Immigrate-to-B-C/B-C-Provincial-Nominee-Program/Invitations-to-Apply-and-Draws
2026-03-06 10:12:59,088 [WARNING] 请求失败: 404 Client Error: Not Found for url: https://www.welcomebc.ca/Immigrate-to-B-C/B-C-Provincial-Nominee-Program/Invitations-to-Apply-and-Draws
2026-03-06 10:13:04,092 [INFO] [2/3] GET https://www.welcomebc.ca/Immigrate-to-B-C/B-C-Provincial-Nominee-Program/Invitations-to-Apply-and-Draws
2026-03-06 10:13:04,185 [WARNING] 请求失败: 404 Client Error: Not Found for url: https://www.welcomebc.ca/Immigrate-to-B-C/B-C-Provincial-Nominee-Program/Invitations-to-Apply-and-Draws
2026-03-06 10:13:09,189 [INFO] [3/3] GET https://www.welcomebc.ca/Immigrate-to-B-C/B-C-Provincial-Nominee-Program/Invitations-to-Apply-and-Draws
2026-03-06 10:13:09,290 [WARNING] 请求失败: 404 Client Error: Not Found for url: https://www.welcomebc.ca/Immigrate-to-B-C/B-C-Provincial-Nominee-Program/Invitations-to-Apply-and-Draws
2026-03-06 10:13:09,290 [ERROR] 所有重试均失败: https://www.welcomebc.ca/Immigrate-to-B-C/B-C-Provincial-Nominee-Program/Invitations-to-Apply-and-Draws
2026-03-06 10:13:09,291 [WARNING] BCPNP 抓取无结果，保留缓存数据
2026-03-06 10:13:09,292 [INFO] [1/3] GET https://www.ontario.ca/page/ontario-immigrant-nominee-program-oinp-draws
2026-03-06 10:13:09,618 [WARNING] 请求失败: 404 Client Error: Not Found for url: https://www.ontario.ca/page/ontario-immigrant-nominee-program-oinp-draws
2026-03-06 10:13:14,621 [INFO] [2/3] GET https://www.ontario.ca/page/ontario-immigrant-nominee-program-oinp-draws
2026-03-06 10:13:14,954 [WARNING] 请求失败: 404 Client Error: Not Found for url: https://www.ontario.ca/page/ontario-immigrant-nominee-program-oinp-draws
2026-03-06 10:13:19,958 [INFO] [3/3] GET https://www.ontario.ca/page/ontario-immigrant-nominee-program-oinp-draws
2026-03-06 10:13:20,319 [WARNING] 请求失败: 404 Client Error: Not Found for url: https://www.ontario.ca/page/ontario-immigrant-nominee-program-oinp-draws
2026-03-06 10:13:20,319 [ERROR] 所有重试均失败: https://www.ontario.ca/page/ontario-immigrant-nominee-program-oinp-draws
2026-03-06 10:13:20,321 [WARNING] OINP 抓取无结果，保留缓存数据
2026-03-06 10:13:20,323 [INFO] 输出完成: /Users/frankwang/sde/projects/CanadaImmigration/scraper/../data/history_data.js
2026-03-06 10:13:20,323 [INFO]   EE=0 条  BCPNP=0 条  OINP=0 条
2026-03-06 10:13:20,323 [INFO] 全部完成 ✓
2026-03-06 10:27:18,306 [INFO] [1/3] GET(JSON) https://www.canada.ca/content/dam/ircc/documents/json/ee_rounds_123_en.json
2026-03-06 10:27:48,392 [WARNING] 请求失败: HTTPSConnectionPool(host='www.canada.ca', port=443): Read timed out. (read timeout=30)
2026-03-06 10:27:53,397 [INFO] [2/3] GET(JSON) https://www.canada.ca/content/dam/ircc/documents/json/ee_rounds_123_en.json
2026-03-06 10:28:23,494 [WARNING] 请求失败: HTTPSConnectionPool(host='www.canada.ca', port=443): Read timed out. (read timeout=30)
2026-03-06 10:28:28,500 [INFO] [3/3] GET(JSON) https://www.canada.ca/content/dam/ircc/documents/json/ee_rounds_123_en.json
2026-03-06 10:28:58,589 [WARNING] 请求失败: HTTPSConnectionPool(host='www.canada.ca', port=443): Read timed out. (read timeout=30)
2026-03-06 10:28:58,589 [ERROR] 所有重试均失败: https://www.canada.ca/content/dam/ircc/documents/json/ee_rounds_123_en.json
2026-03-06 10:28:58,589 [WARNING] EE 无新数据，保留缓存
2026-03-06 10:28:58,589 [INFO] [1/3] GET https://www.welcomebc.ca/immigrate-to-b-c/about-the-bc-provincial-nominee-program/invitations-to-apply
2026-03-06 10:28:58,724 [INFO] BCPNP: 共获取 3 条记录（最新：2026-02-10）
2026-03-06 10:28:58,724 [INFO] [1/3] GET https://www.ontario.ca/page/ontario-immigrant-nominee-program-oinp-invitations-apply
2026-03-06 10:28:59,120 [INFO] OINP [ita] https://www.ontario.ca/page/ontario-immigrant-nominee-program-oinp-invitations-apply: 33 张表
2026-03-06 10:28:59,126 [INFO] [1/3] GET https://www.ontario.ca/page/oinp-express-entry-notifications-interest
2026-03-06 10:28:59,476 [INFO] OINP [eoi] https://www.ontario.ca/page/oinp-express-entry-notifications-interest: 21 张表
2026-03-06 10:28:59,482 [INFO] OINP: 共获取 244 条记录（最新：2026-02-18）
2026-03-06 10:28:59,486 [INFO] 输出: /Users/frankwang/sde/projects/CanadaImmigration/scraper/../data/history_data.js
2026-03-06 10:28:59,486 [INFO]   EE=0 条  BCPNP=3 条  OINP=244 条
2026-03-06 10:28:59,486 [INFO] 全部完成 ✓
2026-03-06 10:39:13,765 [INFO] [1/3] GET(JSON) https://www.canada.ca/content/dam/ircc/documents/json/ee_rounds_123_en.json
2026-03-06 10:40:13,859 [WARNING] 请求失败: HTTPSConnectionPool(host='www.canada.ca', port=443): Read timed out. (read timeout=60)
2026-03-06 10:40:18,863 [INFO] [2/3] GET(JSON) https://www.canada.ca/content/dam/ircc/documents/json/ee_rounds_123_en.json
2026-03-06 10:41:18,942 [WARNING] 请求失败: HTTPSConnectionPool(host='www.canada.ca', port=443): Read timed out. (read timeout=60)
2026-03-06 10:41:23,945 [INFO] [3/3] GET(JSON) https://www.canada.ca/content/dam/ircc/documents/json/ee_rounds_123_en.json
2026-03-06 10:42:24,019 [WARNING] 请求失败: HTTPSConnectionPool(host='www.canada.ca', port=443): Read timed out. (read timeout=60)
2026-03-06 10:42:24,021 [ERROR] 所有重试均失败: https://www.canada.ca/content/dam/ircc/documents/json/ee_rounds_123_en.json
2026-03-06 10:42:24,021 [WARNING] EE 无新数据，保留缓存
2026-03-06 10:42:24,021 [INFO] [1/3] GET https://www.welcomebc.ca/immigrate-to-b-c/about-the-bc-provincial-nominee-program/invitations-to-apply
2026-03-06 10:42:24,127 [INFO] BCPNP: 共获取 3 条记录（最新：2026-02-10）
2026-03-06 10:42:24,127 [INFO] [1/3] GET https://www.ontario.ca/page/ontario-immigrant-nominee-program-oinp-invitations-apply
2026-03-06 10:42:24,609 [INFO] OINP [ita] https://www.ontario.ca/page/ontario-immigrant-nominee-program-oinp-invitations-apply: 33 张表
2026-03-06 10:42:24,614 [INFO] [1/3] GET https://www.ontario.ca/page/oinp-express-entry-notifications-interest
2026-03-06 10:42:24,989 [INFO] OINP [eoi] https://www.ontario.ca/page/oinp-express-entry-notifications-interest: 21 张表
2026-03-06 10:42:24,996 [INFO] OINP: 共获取 244 条记录（最新：2026-02-18）
2026-03-06 10:42:24,999 [INFO] 输出: /Users/frankwang/sde/projects/CanadaImmigration/scraper/../data/history_data.js
2026-03-06 10:42:24,999 [INFO]   EE=0 条  BCPNP=3 条  OINP=244 条
2026-03-06 10:42:24,999 [INFO] 全部完成 ✓
2026-03-06 10:43:28,576 [INFO] [1/3] GET(JSON) https://www.canada.ca/content/dam/ircc/documents/json/ee_rounds_123_en.json
2026-03-06 10:44:28,677 [WARNING] 请求失败: HTTPSConnectionPool(host='www.canada.ca', port=443): Read timed out. (read timeout=60)
2026-03-06 10:44:33,684 [INFO] [2/3] GET(JSON) https://www.canada.ca/content/dam/ircc/documents/json/ee_rounds_123_en.json
2026-03-06 10:45:33,786 [WARNING] 请求失败: HTTPSConnectionPool(host='www.canada.ca', port=443): Read timed out. (read timeout=60)
2026-03-06 10:45:38,793 [INFO] [3/3] GET(JSON) https://www.canada.ca/content/dam/ircc/documents/json/ee_rounds_123_en.json
2026-03-06 10:46:38,877 [WARNING] 请求失败: HTTPSConnectionPool(host='www.canada.ca', port=443): Read timed out. (read timeout=60)
2026-03-06 10:46:38,879 [ERROR] 所有重试均失败: https://www.canada.ca/content/dam/ircc/documents/json/ee_rounds_123_en.json
2026-03-06 10:46:38,879 [WARNING] EE 无新数据，保留缓存
2026-03-06 10:46:38,884 [INFO] 输出: /Users/frankwang/sde/projects/CanadaImmigration/scraper/../data/history_data.js
2026-03-06 10:46:38,884 [INFO]   EE=0 条  BCPNP=3 条  OINP=244 条
2026-03-06 10:46:38,884 [INFO] 全部完成 ✓
2026-03-06 10:47:11,555 [INFO] [EE] 建立会话: https://www.canada.ca/en/immigration-refugees-citizenship/corporate/mandate/policies-operational-instructions-agreements/ministerial-instructions/express-entry-rounds.html
2026-03-06 10:48:11,640 [WARNING] [EE] HTML 页面请求失败: HTTPSConnectionPool(host='www.canada.ca', port=443): Read timed out. (read timeout=60)，尝试直接请求 JSON
2026-03-06 10:48:11,641 [INFO] [EE] [1/3] GET JSON
2026-03-06 10:49:11,729 [WARNING] [EE] JSON 请求失败: HTTPSConnectionPool(host='www.canada.ca', port=443): Read timed out. (read timeout=60)
2026-03-06 10:49:16,732 [INFO] [EE] [2/3] GET JSON
2026-03-06 10:50:16,843 [WARNING] [EE] JSON 请求失败: HTTPSConnectionPool(host='www.canada.ca', port=443): Read timed out. (read timeout=60)
2026-03-06 10:50:21,847 [INFO] [EE] [3/3] GET JSON
2026-03-06 10:51:21,931 [WARNING] [EE] JSON 请求失败: HTTPSConnectionPool(host='www.canada.ca', port=443): Read timed out. (read timeout=60)
2026-03-06 10:51:21,932 [WARNING] EE 无新数据，保留缓存
2026-03-06 10:51:21,937 [INFO] 输出: /Users/frankwang/sde/projects/CanadaImmigration/scraper/../data/history_data.js
2026-03-06 10:51:21,937 [INFO]   EE=0 条  BCPNP=3 条  OINP=244 条
2026-03-06 10:51:21,937 [INFO] 全部完成 ✓
2026-03-06 11:16:56,299 [INFO] [EE] 建立会话: https://www.canada.ca/en/immigration-refugees-citizenship/corporate/mandate/policies-operational-instructions-agreements/ministerial-instructions/express-entry-rounds.html
2026-03-06 11:17:56,351 [WARNING] [EE] HTML 页面请求失败: HTTPSConnectionPool(host='www.canada.ca', port=443): Read timed out. (read timeout=60)，尝试直接请求 JSON
2026-03-06 11:17:56,352 [INFO] [EE] [1/3] GET JSON
2026-03-06 11:18:56,690 [WARNING] [EE] JSON 请求失败: HTTPSConnectionPool(host='www.canada.ca', port=443): Read timed out. (read timeout=60)
2026-03-06 11:19:01,694 [INFO] [EE] [2/3] GET JSON
2026-03-06 11:20:01,793 [WARNING] [EE] JSON 请求失败: HTTPSConnectionPool(host='www.canada.ca', port=443): Read timed out. (read timeout=60)
2026-03-06 11:20:06,800 [INFO] [EE] [3/3] GET JSON
2026-03-06 11:21:06,884 [WARNING] [EE] JSON 请求失败: HTTPSConnectionPool(host='www.canada.ca', port=443): Read timed out. (read timeout=60)
2026-03-06 11:21:06,886 [WARNING] EE 无新数据，保留缓存
2026-03-06 11:21:06,887 [INFO] [1/3] GET https://www.welcomebc.ca/immigrate-to-b-c/about-the-bc-provincial-nominee-program/invitations-to-apply
2026-03-06 11:21:07,055 [INFO] BCPNP: 共获取 3 条记录（最新：2026-02-10）
2026-03-06 11:21:07,055 [INFO] [1/3] GET https://www.ontario.ca/page/ontario-immigrant-nominee-program-oinp-invitations-apply
2026-03-06 11:21:07,492 [INFO] OINP [ita] https://www.ontario.ca/page/ontario-immigrant-nominee-program-oinp-invitations-apply: 33 张表
2026-03-06 11:21:07,498 [INFO] [1/3] GET https://www.ontario.ca/page/oinp-express-entry-notifications-interest
2026-03-06 11:21:07,853 [INFO] OINP [eoi] https://www.ontario.ca/page/oinp-express-entry-notifications-interest: 21 张表
2026-03-06 11:21:07,857 [INFO] OINP: 共获取 244 条记录（最新：2026-02-18）
2026-03-06 11:21:07,860 [INFO] 输出: /Users/frankwang/sde/projects/CanadaImmigration/scraper/../data/history_data.js
2026-03-06 11:21:07,860 [INFO]   EE=0 条  BCPNP=3 条  OINP=244 条
2026-03-06 11:21:07,860 [INFO] 全部完成 ✓
2026-03-06 11:22:18,653 [INFO] [EE] [1/3] GET https://www.canada.ca/content/dam/ircc/documents/json/ee_rounds_123_en.json
2026-03-06 11:22:48,738 [WARNING] [EE] 请求失败: HTTPSConnectionPool(host='www.canada.ca', port=443): Read timed out. (read timeout=30)
2026-03-06 11:22:53,744 [INFO] [EE] [2/3] GET https://www.canada.ca/content/dam/ircc/documents/json/ee_rounds_123_en.json
2026-03-06 11:23:23,824 [WARNING] [EE] 请求失败: HTTPSConnectionPool(host='www.canada.ca', port=443): Read timed out. (read timeout=30)
2026-03-06 11:23:28,829 [INFO] [EE] [3/3] GET https://www.canada.ca/content/dam/ircc/documents/json/ee_rounds_123_en.json
2026-03-06 11:23:58,909 [WARNING] [EE] 请求失败: HTTPSConnectionPool(host='www.canada.ca', port=443): Read timed out. (read timeout=30)
2026-03-06 11:23:58,909 [WARNING] EE 无新数据，保留缓存
2026-03-06 11:23:58,909 [INFO] [1/3] GET https://www.welcomebc.ca/immigrate-to-b-c/about-the-bc-provincial-nominee-program/invitations-to-apply
2026-03-06 11:23:59,014 [INFO] BCPNP: 共获取 3 条记录（最新：2026-02-10）
2026-03-06 11:23:59,014 [INFO] [1/3] GET https://www.ontario.ca/page/ontario-immigrant-nominee-program-oinp-invitations-apply
2026-03-06 11:23:59,367 [INFO] OINP [ita] https://www.ontario.ca/page/ontario-immigrant-nominee-program-oinp-invitations-apply: 33 张表
2026-03-06 11:23:59,375 [INFO] [1/3] GET https://www.ontario.ca/page/oinp-express-entry-notifications-interest
2026-03-06 11:23:59,728 [INFO] OINP [eoi] https://www.ontario.ca/page/oinp-express-entry-notifications-interest: 21 张表
2026-03-06 11:23:59,734 [INFO] OINP: 共获取 244 条记录（最新：2026-02-18）
2026-03-06 11:23:59,736 [INFO] 输出: /Users/frankwang/sde/projects/CanadaImmigration/scraper/../data/history_data.js
2026-03-06 11:23:59,736 [INFO]   EE=0 条  BCPNP=3 条  OINP=244 条
2026-03-06 11:23:59,736 [INFO] 全部完成 ✓
2026-03-06 11:24:35,199 [INFO] [EE-curl] [1/3] https://www.canada.ca/content/dam/ircc/documents/json/ee_rounds_123_en.json
2026-03-06 11:24:35,301 [WARNING] [EE-curl] curl 退出码 92: 
2026-03-06 11:24:40,307 [INFO] [EE-curl] [2/3] https://www.canada.ca/content/dam/ircc/documents/json/ee_rounds_123_en.json
2026-03-06 11:24:40,398 [WARNING] [EE-curl] curl 退出码 92: 
2026-03-06 11:24:45,403 [INFO] [EE-curl] [3/3] https://www.canada.ca/content/dam/ircc/documents/json/ee_rounds_123_en.json
2026-03-06 11:24:45,472 [WARNING] [EE-curl] curl 退出码 92: 
2026-03-06 11:24:45,472 [WARNING] EE 无新数据，保留缓存
2026-03-06 11:24:45,472 [INFO] [1/3] GET https://www.welcomebc.ca/immigrate-to-b-c/about-the-bc-provincial-nominee-program/invitations-to-apply
2026-03-06 11:24:45,571 [INFO] BCPNP: 共获取 3 条记录（最新：2026-02-10）
2026-03-06 11:24:45,572 [INFO] [1/3] GET https://www.ontario.ca/page/ontario-immigrant-nominee-program-oinp-invitations-apply
2026-03-06 11:24:45,918 [INFO] OINP [ita] https://www.ontario.ca/page/ontario-immigrant-nominee-program-oinp-invitations-apply: 33 张表
2026-03-06 11:24:45,926 [INFO] [1/3] GET https://www.ontario.ca/page/oinp-express-entry-notifications-interest
2026-03-06 11:24:46,270 [INFO] OINP [eoi] https://www.ontario.ca/page/oinp-express-entry-notifications-interest: 21 张表
2026-03-06 11:24:46,277 [INFO] OINP: 共获取 244 条记录（最新：2026-02-18）
2026-03-06 11:24:46,279 [INFO] 输出: /Users/frankwang/sde/projects/CanadaImmigration/scraper/../data/history_data.js
2026-03-06 11:24:46,279 [INFO]   EE=0 条  BCPNP=3 条  OINP=244 条
2026-03-06 11:24:46,279 [INFO] 全部完成 ✓
2026-03-06 12:43:48,966 [INFO] [EE-curl] [1/3] https://www.canada.ca/content/dam/ircc/documents/json/ee_rounds_123_en.json
2026-03-06 12:43:49,097 [WARNING] [EE-curl] curl 退出码 92: 
2026-03-06 12:43:54,098 [INFO] [EE-curl] [2/3] https://www.canada.ca/content/dam/ircc/documents/json/ee_rounds_123_en.json
2026-03-06 12:43:54,168 [WARNING] [EE-curl] curl 退出码 92: 
2026-03-06 12:43:59,172 [INFO] [EE-curl] [3/3] https://www.canada.ca/content/dam/ircc/documents/json/ee_rounds_123_en.json
2026-03-06 12:43:59,376 [WARNING] [EE-curl] curl 退出码 92: 
2026-03-06 12:43:59,376 [WARNING] EE 无新数据，保留缓存
2026-03-06 12:43:59,376 [INFO] [1/3] GET https://www.welcomebc.ca/immigrate-to-b-c/about-the-bc-provincial-nominee-program/invitations-to-apply
2026-03-06 12:43:59,666 [INFO] BCPNP: 共获取 3 条记录（最新：2026-02-10）
2026-03-06 12:43:59,666 [INFO] [1/3] GET https://www.ontario.ca/page/ontario-immigrant-nominee-program-oinp-invitations-apply
2026-03-06 12:44:00,282 [INFO] OINP [ita] https://www.ontario.ca/page/ontario-immigrant-nominee-program-oinp-invitations-apply: 33 张表
2026-03-06 12:44:00,286 [INFO] [1/3] GET https://www.ontario.ca/page/oinp-express-entry-notifications-interest
2026-03-06 12:44:01,061 [INFO] OINP [eoi] https://www.ontario.ca/page/oinp-express-entry-notifications-interest: 21 张表
2026-03-06 12:44:01,068 [INFO] OINP: 共获取 244 条记录（最新：2026-02-18）
2026-03-06 12:44:01,070 [INFO] 输出: /Users/frankwang/sde/projects/CanadaImmigration/scraper/../data/history_data.js
2026-03-06 12:44:01,070 [INFO]   EE=24 条  BCPNP=3 条  OINP=244 条
2026-03-06 12:44:01,070 [INFO] 全部完成 ✓
2026-03-06 21:00:14 [INFO] [1/3] GET(JSON) https://www.canada.ca/content/dam/ircc/documents/json/ee_rounds_123_en.json
2026-03-06 21:01:14 [WARNING] 请求失败: timeout of 60000ms exceeded
2026-03-06 21:01:19 [INFO] [2/3] GET(JSON) https://www.canada.ca/content/dam/ircc/documents/json/ee_rounds_123_en.json
2026-03-06 21:02:19 [WARNING] 请求失败: timeout of 60000ms exceeded
2026-03-06 21:02:24 [INFO] [3/3] GET(JSON) https://www.canada.ca/content/dam/ircc/documents/json/ee_rounds_123_en.json
2026-03-06 21:03:24 [WARNING] 请求失败: timeout of 60000ms exceeded
2026-03-06 21:03:24 [ERROR] 所有重试均失败: https://www.canada.ca/content/dam/ircc/documents/json/ee_rounds_123_en.json
2026-03-06 21:03:24 [WARNING] EE 无新数据，保留缓存
2026-03-06 21:03:24 [INFO] [1/3] GET https://www.welcomebc.ca/immigrate-to-b-c/about-the-bc-provincial-nominee-program/invitations-to-apply
2026-03-06 21:03:24 [INFO] BCPNP: 共获取 3 条记录（最新：2026-02-10）
2026-03-06 21:03:24 [INFO] [1/3] GET https://www.ontario.ca/page/ontario-immigrant-nominee-program-oinp-invitations-apply
2026-03-06 21:03:25 [INFO] OINP [ita] https://www.ontario.ca/page/ontario-immigrant-nominee-program-oinp-invitations-apply: 33 张表
2026-03-06 21:03:25 [INFO] [1/3] GET https://www.ontario.ca/page/oinp-express-entry-notifications-interest
2026-03-06 21:03:25 [INFO] OINP [eoi] https://www.ontario.ca/page/oinp-express-entry-notifications-interest: 21 张表
2026-03-06 21:03:25 [INFO] OINP: 共获取 283 条记录（最新：2026-02-18）
2026-03-06 21:03:25 [INFO] 输出: /Users/frankwang/sde/projects/CanadaImmigration/data/history_data.js
2026-03-06 21:03:25 [INFO]   EE=24 条  BCPNP=3 条  OINP=283 条
2026-03-06 21:03:25 [INFO] 全部完成 ✓
2026-03-06 21:16:06 [INFO] [1/3] GET https://www.welcomebc.ca/immigrate-to-b-c/about-the-bc-provincial-nominee-program/invitations-to-apply
2026-03-06 21:16:06 [INFO] BCPNP: 共获取 3 条记录（最新：2026-02-10）
2026-03-06 21:16:06 [INFO] [1/3] GET https://www.ontario.ca/page/ontario-immigrant-nominee-program-oinp-invitations-apply
2026-03-06 21:16:06 [INFO] OINP [ita] https://www.ontario.ca/page/ontario-immigrant-nominee-program-oinp-invitations-apply: 33 张表
2026-03-06 21:16:06 [INFO] [1/3] GET https://www.ontario.ca/page/oinp-express-entry-notifications-interest
2026-03-06 21:16:06 [INFO] OINP [eoi] https://www.ontario.ca/page/oinp-express-entry-notifications-interest: 21 张表
2026-03-06 21:16:06 [INFO] OINP: 共获取 283 条记录（最新：2026-02-18）
2026-03-06 21:16:06 [INFO] 输出: /Users/frankwang/sde/projects/CanadaImmigration/data/history_data.js
2026-03-06 21:16:06 [INFO]   EE=24 条  BCPNP=3 条  OINP=48 条（2024-01-01 至今）
2026-03-06 21:16:06 [INFO] 全部完成 ✓
2026-03-06 22:01:05 [INFO] [1/3] GET https://www.welcomebc.ca/immigrate-to-b-c/about-the-bc-provincial-nominee-program/invitations-to-apply
2026-03-06 22:01:05 [INFO] BCPNP: 共获取 3 条记录（最新：2026-02-10）
2026-03-06 22:01:05 [INFO] [1/3] GET https://www.ontario.ca/page/ontario-immigrant-nominee-program-oinp-invitations-apply
2026-03-06 22:01:06 [INFO] OINP [ita] https://www.ontario.ca/page/ontario-immigrant-nominee-program-oinp-invitations-apply: 33 张表
2026-03-06 22:01:06 [INFO] [1/3] GET https://www.ontario.ca/page/oinp-express-entry-notifications-interest
2026-03-06 22:01:06 [INFO] OINP [eoi] https://www.ontario.ca/page/oinp-express-entry-notifications-interest: 21 张表
2026-03-06 22:01:06 [INFO] OINP: 共获取 283 条记录（最新：2026-02-18）
2026-03-06 22:01:06 [INFO] 输出: /Users/frankwang/sde/projects/CanadaImmigration/data/history_data.js
2026-03-06 22:01:06 [INFO]   EE=24 条  BCPNP=3 条  OINP=48 条（2024-01-01 至今）
2026-03-06 22:01:06 [INFO] 全部完成 ✓
2026-03-06 23:06:19 [INFO] [1/3] GET https://www.welcomebc.ca/immigrate-to-b-c/about-the-bc-provincial-nominee-program/invitations-to-apply
2026-03-06 23:06:19 [INFO] [BCPNP-PDF] SI-narrative: https://www.welcomebc.ca/immigrate-to-b-c/bc-pnp-invitations-to-apply-si-2025-pdf
2026-03-06 23:06:19 [INFO] BCPNP: 共获取 3 条记录（最新：2026-02-10）
2026-03-06 23:06:19 [INFO] [BCPNP-PDF] SI-narrative: 解析到 3 条
2026-03-06 23:06:19 [INFO] [BCPNP-PDF] SI-table: https://www.welcomebc.ca/immigrate-to-b-c/bc-pnp-invitations-to-apply-si-2024-pdf
2026-03-06 23:06:19 [INFO] [BCPNP-PDF] SI-table: 解析到 108 条
2026-03-06 23:06:19 [INFO] [BCPNP-PDF] EI-table: https://www.welcomebc.ca/immigrate-to-b-c/bc-pnp-invitations-to-apply-ei-2025-pdf
2026-03-06 23:06:19 [INFO] [BCPNP-PDF] EI-table: 解析到 8 条
2026-03-06 23:06:19 [INFO] [BCPNP-PDF] EI-table: https://www.welcomebc.ca/immigrate-to-b-c/bc-pnp-invitations-to-apply-ei-2024-pdf
2026-03-06 23:06:19 [INFO] [BCPNP-PDF] EI-table: 解析到 7 条
2026-03-06 23:06:19 [INFO] 输出: /Users/frankwang/sde/projects/CanadaImmigration/data/history_data.js
2026-03-06 23:06:19 [INFO]   EE=24 条  BCPNP=127 条  OINP=48 条（2024-01-01 至今）
2026-03-06 23:06:19 [INFO] 全部完成 ✓
2026-03-07 00:18:38 [INFO] [1/3] GET https://www.welcomebc.ca/immigrate-to-b-c/about-the-bc-provincial-nominee-program/invitations-to-apply
2026-03-07 00:18:38 [INFO] [BCPNP-PDF] SI-narrative: https://www.welcomebc.ca/immigrate-to-b-c/bc-pnp-invitations-to-apply-si-2025-pdf
2026-03-07 00:18:38 [INFO] BCPNP: 共获取 5 条记录（最新：2026-02-11）
2026-03-07 00:18:38 [INFO] [BCPNP-PDF] SI-narrative: 解析到 3 条
2026-03-07 00:18:38 [INFO] [BCPNP-PDF] SI-table: https://www.welcomebc.ca/immigrate-to-b-c/bc-pnp-invitations-to-apply-si-2024-pdf
2026-03-07 00:18:38 [INFO] [BCPNP-PDF] SI-table: 解析到 108 条
2026-03-07 00:18:38 [INFO] [BCPNP-PDF] EI-table: https://www.welcomebc.ca/immigrate-to-b-c/bc-pnp-invitations-to-apply-ei-2025-pdf
2026-03-07 00:18:38 [INFO] [BCPNP-PDF] EI-table: 解析到 8 条
2026-03-07 00:18:38 [INFO] [BCPNP-PDF] EI-table: https://www.welcomebc.ca/immigrate-to-b-c/bc-pnp-invitations-to-apply-ei-2024-pdf
2026-03-07 00:18:38 [INFO] [BCPNP-PDF] EI-table: 解析到 7 条
2026-03-07 00:18:38 [INFO] 输出: /Users/frankwang/sde/projects/CanadaImmigration/data/history_data.js
2026-03-07 00:18:38 [INFO]   EE=24 条  BCPNP=131 条  OINP=48 条（2024-01-01 至今）
2026-03-07 00:18:38 [INFO] 全部完成 ✓
2026-03-07 00:39:19 [INFO] [1/3] GET https://www.welcomebc.ca/immigrate-to-b-c/about-the-bc-provincial-nominee-program/invitations-to-apply
2026-03-07 00:39:19 [INFO] [BCPNP-PDF] SI-narrative: https://www.welcomebc.ca/immigrate-to-b-c/bc-pnp-invitations-to-apply-si-2025-pdf
2026-03-07 00:39:19 [INFO] BCPNP: 共获取 5 条记录（最新：2026-02-11）
2026-03-07 00:39:19 [INFO] [BCPNP-PDF] SI-narrative: 解析到 3 条
2026-03-07 00:39:19 [INFO] [BCPNP-PDF] SI-table: https://www.welcomebc.ca/immigrate-to-b-c/bc-pnp-invitations-to-apply-si-2024-pdf
2026-03-07 00:39:19 [INFO] [BCPNP-PDF] SI-table: 解析到 108 条
2026-03-07 00:39:19 [INFO] [BCPNP-PDF] EI-table: https://www.welcomebc.ca/immigrate-to-b-c/bc-pnp-invitations-to-apply-ei-2025-pdf
2026-03-07 00:39:19 [INFO] [BCPNP-PDF] EI-table: 解析到 8 条
2026-03-07 00:39:19 [INFO] [BCPNP-PDF] EI-table: https://www.welcomebc.ca/immigrate-to-b-c/bc-pnp-invitations-to-apply-ei-2024-pdf
2026-03-07 00:39:19 [INFO] [BCPNP-PDF] EI-table: 解析到 7 条
2026-03-07 00:39:19 [INFO] 输出: /Users/frankwang/sde/projects/CanadaImmigration/data/history_data.js
2026-03-07 00:39:19 [INFO]   EE=24 条  BCPNP=129 条  OINP=48 条（2024-01-01 至今）
2026-03-07 00:39:19 [INFO] 全部完成 ✓
2026-03-07 00:42:14 [INFO] [1/3] GET(JSON) https://www.canada.ca/content/dam/ircc/documents/json/ee_rounds_123_en.json
2026-03-07 00:43:14 [WARNING] 请求失败: timeout of 60000ms exceeded
2026-03-07 00:43:19 [INFO] [2/3] GET(JSON) https://www.canada.ca/content/dam/ircc/documents/json/ee_rounds_123_en.json
2026-03-07 00:44:19 [WARNING] 请求失败: timeout of 60000ms exceeded
2026-03-07 00:44:24 [INFO] [3/3] GET(JSON) https://www.canada.ca/content/dam/ircc/documents/json/ee_rounds_123_en.json
2026-03-07 00:45:24 [WARNING] 请求失败: timeout of 60000ms exceeded
2026-03-07 00:45:24 [ERROR] 所有重试均失败: https://www.canada.ca/content/dam/ircc/documents/json/ee_rounds_123_en.json
2026-03-07 00:45:24 [WARNING] EE 无新数据，保留缓存
2026-03-07 00:45:24 [INFO] 输出: /Users/frankwang/sde/projects/CanadaImmigration/data/history_data.js
2026-03-07 00:45:24 [INFO]   EE=94 条  BCPNP=129 条  OINP=48 条（2024-01-01 至今）
2026-03-07 00:45:24 [INFO] 全部完成 ✓
2026-03-07 08:04:42 [INFO] [1/3] GET(JSON) https://www.canada.ca/content/dam/ircc/documents/json/ee_rounds_123_en.json
2026-03-07 08:04:42 [WARNING] 请求失败: getaddrinfo ENOTFOUND www.canada.ca
2026-03-07 08:04:47 [INFO] [2/3] GET(JSON) https://www.canada.ca/content/dam/ircc/documents/json/ee_rounds_123_en.json
2026-03-07 08:04:47 [WARNING] 请求失败: getaddrinfo ENOTFOUND www.canada.ca
2026-03-07 08:04:52 [INFO] [3/3] GET(JSON) https://www.canada.ca/content/dam/ircc/documents/json/ee_rounds_123_en.json
2026-03-07 08:04:52 [WARNING] 请求失败: getaddrinfo ENOTFOUND www.canada.ca
2026-03-07 08:04:52 [ERROR] 所有重试均失败: https://www.canada.ca/content/dam/ircc/documents/json/ee_rounds_123_en.json
2026-03-07 08:04:52 [WARNING] EE 无新数据，保留缓存
2026-03-07 08:04:52 [INFO] [1/3] GET https://www.welcomebc.ca/immigrate-to-b-c/about-the-bc-provincial-nominee-program/invitations-to-apply
2026-03-07 08:04:52 [INFO] [BCPNP-PDF] SI-narrative: https://www.welcomebc.ca/immigrate-to-b-c/bc-pnp-invitations-to-apply-si-2025-pdf
2026-03-07 08:04:52 [WARNING] 请求失败: getaddrinfo ENOTFOUND www.welcomebc.ca
2026-03-07 08:04:52 [WARNING] [BCPNP-PDF] SI-narrative 失败: getaddrinfo ENOTFOUND www.welcomebc.ca
2026-03-07 08:04:52 [INFO] [BCPNP-PDF] SI-table: https://www.welcomebc.ca/immigrate-to-b-c/bc-pnp-invitations-to-apply-si-2024-pdf
2026-03-07 08:04:52 [WARNING] [BCPNP-PDF] SI-table 失败: getaddrinfo ENOTFOUND www.welcomebc.ca
2026-03-07 08:04:52 [INFO] [BCPNP-PDF] EI-table: https://www.welcomebc.ca/immigrate-to-b-c/bc-pnp-invitations-to-apply-ei-2025-pdf
2026-03-07 08:04:52 [WARNING] [BCPNP-PDF] EI-table 失败: getaddrinfo ENOTFOUND www.welcomebc.ca
2026-03-07 08:04:52 [INFO] [BCPNP-PDF] EI-table: https://www.welcomebc.ca/immigrate-to-b-c/bc-pnp-invitations-to-apply-ei-2024-pdf
2026-03-07 08:04:52 [WARNING] [BCPNP-PDF] EI-table 失败: getaddrinfo ENOTFOUND www.welcomebc.ca
2026-03-07 08:04:57 [INFO] [2/3] GET https://www.welcomebc.ca/immigrate-to-b-c/about-the-bc-provincial-nominee-program/invitations-to-apply
2026-03-07 08:04:57 [WARNING] 请求失败: getaddrinfo ENOTFOUND www.welcomebc.ca
2026-03-07 08:05:02 [INFO] [3/3] GET https://www.welcomebc.ca/immigrate-to-b-c/about-the-bc-provincial-nominee-program/invitations-to-apply
2026-03-07 08:05:02 [WARNING] 请求失败: getaddrinfo ENOTFOUND www.welcomebc.ca
2026-03-07 08:05:02 [ERROR] 所有重试均失败: https://www.welcomebc.ca/immigrate-to-b-c/about-the-bc-provincial-nominee-program/invitations-to-apply
2026-03-07 08:05:02 [WARNING] BCPNP 无新数据，保留缓存
2026-03-07 08:05:02 [INFO] [1/3] GET https://www.ontario.ca/page/ontario-immigrant-nominee-program-oinp-invitations-apply
2026-03-07 08:05:02 [WARNING] 请求失败: getaddrinfo ENOTFOUND www.ontario.ca
2026-03-07 08:05:07 [INFO] [2/3] GET https://www.ontario.ca/page/ontario-immigrant-nominee-program-oinp-invitations-apply
2026-03-07 08:05:07 [WARNING] 请求失败: getaddrinfo ENOTFOUND www.ontario.ca
2026-03-07 08:05:12 [INFO] [3/3] GET https://www.ontario.ca/page/ontario-immigrant-nominee-program-oinp-invitations-apply
2026-03-07 08:05:12 [WARNING] 请求失败: getaddrinfo ENOTFOUND www.ontario.ca
2026-03-07 08:05:12 [ERROR] 所有重试均失败: https://www.ontario.ca/page/ontario-immigrant-nominee-program-oinp-invitations-apply
2026-03-07 08:05:12 [INFO] [1/3] GET https://www.ontario.ca/page/oinp-express-entry-notifications-interest
2026-03-07 08:05:12 [WARNING] 请求失败: getaddrinfo ENOTFOUND www.ontario.ca
2026-03-07 08:05:17 [INFO] [2/3] GET https://www.ontario.ca/page/oinp-express-entry-notifications-interest
2026-03-07 08:05:17 [WARNING] 请求失败: getaddrinfo ENOTFOUND www.ontario.ca
2026-03-07 08:05:22 [INFO] [3/3] GET https://www.ontario.ca/page/oinp-express-entry-notifications-interest
2026-03-07 08:05:22 [WARNING] 请求失败: getaddrinfo ENOTFOUND www.ontario.ca
2026-03-07 08:05:22 [ERROR] 所有重试均失败: https://www.ontario.ca/page/oinp-express-entry-notifications-interest
2026-03-07 08:05:22 [INFO] OINP: 共获取 0 条记录（最新：N/A）
2026-03-07 08:05:22 [WARNING] OINP 无新数据，保留缓存
2026-03-07 08:05:22 [INFO] 输出: /Users/frankwang/sde/projects/CanadaImmigration/data/history_data.js
2026-03-07 08:05:22 [INFO] 输出: /Users/frankwang/sde/projects/CanadaImmigration/data/history_data.json
2026-03-07 08:05:22 [INFO] 输出: /Users/frankwang/sde/projects/CanadaImmigration/public/data/history_data.json
2026-03-07 08:05:22 [INFO]   EE=94 条  BCPNP=129 条  OINP=48 条（2024-01-01 至今）
2026-03-07 08:05:22 [INFO] 全部完成 ✓
2026-03-07 08:28:27 [INFO] [1/3] GET(JSON) https://www.canada.ca/content/dam/ircc/documents/json/ee_rounds_123_en.json
2026-03-07 08:47:24 [WARNING] 请求失败: timeout of 60000ms exceeded
2026-03-07 08:47:29 [INFO] [2/3] GET(JSON) https://www.canada.ca/content/dam/ircc/documents/json/ee_rounds_123_en.json
2026-03-07 08:48:29 [WARNING] 请求失败: timeout of 60000ms exceeded
2026-03-07 08:48:34 [INFO] [3/3] GET(JSON) https://www.canada.ca/content/dam/ircc/documents/json/ee_rounds_123_en.json
2026-03-07 08:49:34 [WARNING] 请求失败: timeout of 60000ms exceeded
2026-03-07 08:49:34 [ERROR] 所有重试均失败: https://www.canada.ca/content/dam/ircc/documents/json/ee_rounds_123_en.json
2026-03-07 08:49:34 [WARNING] EE 无新数据，保留缓存
2026-03-07 08:49:34 [INFO] [1/3] GET https://www.welcomebc.ca/immigrate-to-b-c/about-the-bc-provincial-nominee-program/invitations-to-apply
2026-03-07 08:49:34 [INFO] [BCPNP-PDF] SI-narrative: https://www.welcomebc.ca/immigrate-to-b-c/bc-pnp-invitations-to-apply-si-2025-pdf
2026-03-07 08:49:35 [INFO] BCPNP: 共获取 5 条记录（最新：2026-02-11）
2026-03-07 08:49:35 [INFO] [BCPNP-PDF] SI-narrative: 解析到 3 条
2026-03-07 08:49:35 [INFO] [BCPNP-PDF] SI-table: https://www.welcomebc.ca/immigrate-to-b-c/bc-pnp-invitations-to-apply-si-2024-pdf
2026-03-07 08:49:35 [INFO] [BCPNP-PDF] SI-table: 解析到 108 条
2026-03-07 08:49:35 [INFO] [BCPNP-PDF] EI-table: https://www.welcomebc.ca/immigrate-to-b-c/bc-pnp-invitations-to-apply-ei-2025-pdf
2026-03-07 08:49:35 [INFO] [BCPNP-PDF] EI-table: 解析到 8 条
2026-03-07 08:49:35 [INFO] [BCPNP-PDF] EI-table: https://www.welcomebc.ca/immigrate-to-b-c/bc-pnp-invitations-to-apply-ei-2024-pdf
2026-03-07 08:49:35 [INFO] [BCPNP-PDF] EI-table: 解析到 7 条
2026-03-07 08:49:35 [INFO] [1/3] GET https://www.ontario.ca/page/ontario-immigrant-nominee-program-oinp-invitations-apply
2026-03-07 08:49:35 [INFO] OINP [ita] https://www.ontario.ca/page/ontario-immigrant-nominee-program-oinp-invitations-apply: 33 张表
2026-03-07 08:49:35 [INFO] [1/3] GET https://www.ontario.ca/page/oinp-express-entry-notifications-interest
2026-03-07 08:49:36 [INFO] OINP [eoi] https://www.ontario.ca/page/oinp-express-entry-notifications-interest: 21 张表
2026-03-07 08:49:36 [INFO] OINP: 共获取 389 条记录（最新：2026-02-18）
2026-03-07 08:49:36 [INFO] 输出: /Users/frankwang/sde/projects/CanadaImmigration/data/history_data.js
2026-03-07 08:49:36 [INFO] 输出: /Users/frankwang/sde/projects/CanadaImmigration/data/history_data.json
2026-03-07 08:49:36 [INFO] 输出: /Users/frankwang/sde/projects/CanadaImmigration/public/data/history_data.json
2026-03-07 08:49:36 [INFO]   EE=94 条  BCPNP=160 条  OINP=124 条（2024-01-01 至今）
2026-03-07 08:49:36 [INFO] 全部完成 ✓
2026-03-07 08:50:19 [INFO] [1/3] GET(JSON) https://www.canada.ca/content/dam/ircc/documents/json/ee_rounds_123_en.json
2026-03-07 08:51:19 [WARNING] 请求失败: timeout of 60000ms exceeded
2026-03-07 08:51:24 [INFO] [2/3] GET(JSON) https://www.canada.ca/content/dam/ircc/documents/json/ee_rounds_123_en.json
2026-03-07 08:52:24 [WARNING] 请求失败: timeout of 60000ms exceeded
2026-03-07 08:52:29 [INFO] [3/3] GET(JSON) https://www.canada.ca/content/dam/ircc/documents/json/ee_rounds_123_en.json
2026-03-07 08:53:29 [WARNING] 请求失败: timeout of 60000ms exceeded
2026-03-07 08:53:29 [ERROR] 所有重试均失败: https://www.canada.ca/content/dam/ircc/documents/json/ee_rounds_123_en.json
2026-03-07 08:53:29 [WARNING] EE 无新数据，保留缓存
2026-03-07 08:53:29 [INFO] [1/3] GET https://www.welcomebc.ca/immigrate-to-b-c/about-the-bc-provincial-nominee-program/invitations-to-apply
2026-03-07 08:53:29 [INFO] [BCPNP-PDF] SI-narrative: https://www.welcomebc.ca/immigrate-to-b-c/bc-pnp-invitations-to-apply-si-2025-pdf
2026-03-07 08:53:29 [INFO] BCPNP: 共获取 5 条记录（最新：2026-02-11）
2026-03-07 08:53:30 [INFO] [BCPNP-PDF] SI-narrative: 解析到 3 条
2026-03-07 08:53:30 [INFO] [BCPNP-PDF] SI-table: https://www.welcomebc.ca/immigrate-to-b-c/bc-pnp-invitations-to-apply-si-2024-pdf
2026-03-07 08:53:30 [INFO] [BCPNP-PDF] SI-table: 解析到 108 条
2026-03-07 08:53:30 [INFO] [BCPNP-PDF] EI-table: https://www.welcomebc.ca/immigrate-to-b-c/bc-pnp-invitations-to-apply-ei-2025-pdf
2026-03-07 08:53:30 [INFO] [BCPNP-PDF] EI-table: 解析到 8 条
2026-03-07 08:53:30 [INFO] [BCPNP-PDF] EI-table: https://www.welcomebc.ca/immigrate-to-b-c/bc-pnp-invitations-to-apply-ei-2024-pdf
2026-03-07 08:53:31 [INFO] [BCPNP-PDF] EI-table: 解析到 7 条
2026-03-07 08:53:31 [INFO] [1/3] GET https://www.ontario.ca/page/ontario-immigrant-nominee-program-oinp-invitations-apply
2026-03-07 08:53:31 [INFO] OINP [ita] https://www.ontario.ca/page/ontario-immigrant-nominee-program-oinp-invitations-apply: 33 张表
2026-03-07 08:53:31 [INFO] [1/3] GET https://www.ontario.ca/page/oinp-express-entry-notifications-interest
2026-03-07 08:53:31 [INFO] OINP [eoi] https://www.ontario.ca/page/oinp-express-entry-notifications-interest: 21 张表
2026-03-07 08:53:31 [INFO] OINP: 共获取 374 条记录（最新：2026-02-18）
2026-03-07 08:53:31 [INFO] 输出: /Users/frankwang/sde/projects/CanadaImmigration/data/history_data.js
2026-03-07 08:53:31 [INFO] 输出: /Users/frankwang/sde/projects/CanadaImmigration/data/history_data.json
2026-03-07 08:53:31 [INFO] 输出: /Users/frankwang/sde/projects/CanadaImmigration/public/data/history_data.json
2026-03-07 08:53:31 [INFO]   EE=94 条  BCPNP=131 条  OINP=99 条（2024-01-01 至今）
2026-03-07 08:53:31 [INFO] 全部完成 ✓
